*Info*    Exporting services from client ... 

*Info*    Client has finished starting ... 



*Info*    Configuring the session ...

	Library      = Oscillator
	Cell         = Colpitts
	View         = schematic
	Simulator    = spectre
	State Path   = $AXL_SETUPDB_DIR/test_states
	State Name   = Oscillator:Colpitts:1_none_Interactive.0
	Results DB   = /afs/ee.cooper.edu/user/d/david.yang/VLSI_tsmc65/Oscillator/Colpitts/adexl/results/data/Interactive.0.rdb
	Results Dir  = /afs/ee.cooper.edu/user/d/david.yang/simulation/Oscillator/Colpitts/adexl/results/data/Interactive.0/1/Oscillator:Colpitts:1
	Results Loc  = /afs/ee.cooper.edu/user/d/david.yang/simulation/Oscillator/Colpitts/adexl/results/data
	Project Dir  = /afs/ee.cooper.edu/user/d/david.yang/simulation
	Setup DB loc = /afs/ee.cooper.edu/user/d/david.yang/VLSI_tsmc65/Oscillator/Colpitts/adexl
	File Encoding = 0


WARNING (ADE-7017): The Spectre run mode needs to be 'batch' when EM/IR analysis is enabled. Automatically setting the run mode to 'batch'.

*Info*    The auto suspension is disabled.






*Info*    Run start for Point ID (0 1) on testbench [
          Oscillator:Colpitts:1 ].

Resetting statistical vars

*Info*    Setting parameter values ...

Setting var C1 = "150f"
Setting var C2 = "300f"
Setting var F1 = "20"
Setting var F2 = "10"
Setting var Id = "800u"
Setting var L1 = "100n"
Setting var L2 = "100n"
Setting var R = "30k"
Setting var VDD = "1"
Setting var Vb = "500m"
Setting var W1 = "300u"
Setting var W2 = "500u"
Setting temp(T) = 27

*Info*    Netlist Directory =
          /afs/ee.cooper.edu/user/d/david.yang/simulation/Oscillator/Colpitts/adexl/results/data/Interactive.0/1/Oscillator:Colpitts:1/netlist


*Info*    Data Directory    =
          /afs/ee.cooper.edu/user/d/david.yang/simulation/Oscillator/Colpitts/adexl/results/data/Interactive.0/1/Oscillator:Colpitts:1


*Info*    Creating Netlist for Point ID (0 1)

generate netlist...
Begin Incremental Netlisting May 12 11:00:54 2022
End netlisting May 12 11:00:54 2022

	The netlist is up to date.
	Time taken to compare the design with netlist:   0.0s
      ...successful.
compose simulator input file...
      ...successful.

*Info*    Running simulation on testbench [ Oscillator:Colpitts:1 ]
          for Point ID (0 1).

Delete psf data in /afs/ee.cooper.edu/user/d/david.yang/simulation/Oscillator/Colpitts/adexl/results/data/Interactive.0/1/Oscillator:Colpitts:1/psf.
compose simulator input file...
      ...successful.
start simulator if needed...
      ...successful.
simulate...
To view the simulator output, right-click on the test name, result 
name, or any value in the "Results" tab of the Outputs section and 
choose "Output Log" menu option.
INFO (ADE-3071): Simulation completed successfully.
reading simulation data...
      ...successful.
*Info*    Client has finished evaluating ... 


*Info*    Run complete for Point ID (0 1) on testbench [
          Oscillator:Colpitts:1 ].





Simulation design variables differ from those on the cellView,
they have been saved in the file "/tmp/saved-design-variables".
To save future changes, copy variables to cellView before exiting.
