\# Program start time:     UTC 2022.04.27 18:26:57.188
\# Local time: EDT (UTC-04:00) 2022.04.27 14:26:57.188
\o Program:		@(#)$CDS: virtuoso version 6.1.8-64b 11/10/2020 19:41 (cpgsrv13) $
\o Hierarchy:		/afs/ee.cooper.edu/dist/cadence-2021/installs/IC618/tools.lnx86/dfII/
\o Sub version:		sub-version  IC6.1.8-64b.500.15  (64-bit addresses)
\# Command line:	/afs/ee.cooper.edu/dist/cadence-2021/installs/ic/tools.lnx86/dfII/bin/64bit/virtuoso -noautostart -mpssession virtuoso6372 -mpshost ice05 -davinciService DaVinciService_6372_1651083862 -log /afs/ee.cooper.edu/user/d/david.yang/VLSI_tsmc65/logs_david.yang/logs0/Job3.log -licenseLockFileName /afs/ee.cooper.edu/user/d/david.yang/VLSI_tsmc65/.tmp_david.yang/.ice05_6372 -interactiveA -interactiveE -interactiveRTT -nostdin -nograph -axlChildIdFlag 3
\# Host name (type):	ice05 (x86_64)
\# Operating system:	Linux 3.10.0-1160.62.1.el7.x86_64 #1 SMP Tue Apr 5 16:57:59 UTC 2022
\# Linux /etc/issue:	\S
\# Linux /etc/issue:	Kernel \r on an \m
\# X display name (WxH):	:95 (1024x868)
\# Available geometry:			TL(0:0) BR(1023:867)
\# X server:			RealVNC Ltd (VNC nograph server, PID 15291)
\# Depth of Visual (Root):	16 (16)
\# Number of Planes Used:	16
\# X version:		11.0 (vendor release 3370)
\# X resource pool:	base 0x800000, mask 0x3fffff (4194303), shift 0
\# 			current id 0x0, current max 0x3ffffa (4194298)
\# Max data seg size:	     unlimited
\# Max process size:	     unlimited
\# Initial sbrk value:	        551 MB
\# Available memory:	      9,687 MB
\# System memory:	     15,937 MB
\# Maximum memory size:	     15,542 MB
\# Max mem available:	      9,843 MB
\# Initial memory used:	        156 MB
\#        process size:	      1,488 MB
\# Thread usage limits (effective/default):	maxthreads 4096/4096 maxload 8.00/8.00
\# Qt version:		5.9.1
\# Window Manager:	other
\# User Name:		david.yang
\o Working Directory:	ice05:/afs/ee.cooper.edu/user/d/david.yang/VLSI_tsmc65
\# Process Id:		15312
\o 
\o COPYRIGHT (C) 1992-2020  CADENCE DESIGN SYSTEMS INC.  ALL RIGHTS RESERVED.
\o           (C) 1992-2020  UNIX SYSTEMS Laboratories INC.,
\o                          Reproduced with permission.
\o 
\o This Cadence Design Systems program and online documentation are
\o proprietary/confidential information and may be disclosed/used only
\o as authorized in a license agreement controlling such use and disclosure.
\o 
\o           RESTRICTED RIGHTS NOTICE (SHORT FORM)
\o Use/reproduction/disclosure is subject to restriction
\o set forth at FAR 1252.227-19 or its equivalent.
\o Loading geView.cxt 
\o Loading menuBuilder.cxt 
\o Loading schView.cxt 
\o Loading selectSv.cxt 
\o Loading pvsui.cxt
\o Loading wireEdit.cxt 
\o Loading pte2.cxt 
\o Loading xlUI.cxt 
\o Loading auCore.cxt 
\o Loading vhdl.cxt 
\o Loading seismic.cxt 
\o Loading ci.cxt 
\o Loading ams.cxt 
\o Loading oasis.cxt 
\o Loading analog.cxt 
\o Loading asimenv.cxt 
\o Loading dal.cxt 
\o Loading awv.cxt 
\o Loading socket.cxt 
\o Loading par.cxt 
\o Loading alvs.cxt 
\o Loading caa.cxt 
\o Loading amps.cxt 
\o Loading adexlCore.cxt 
\o Loading adexl.cxt 
\o *Info*    Exporting services from client ... 
\o 
\o Loading adexlDM.cxt 
\o Loading cpf.cxt 
\o Loading cli.cxt 
\o Loading lp.cxt 
\o INFO (ELI-00302) Connecting to parent process (session=virtuoso6372, host=ice05). Connection mode is ICRP. Total timeout is 180 seconds. Connection timeout is 90 seconds.
\o INFO (ELI-00303) Step 1: Connecting to parent. Time spent is 0 seconds.
\o INFO (ELI-00304) The registration of the child 15312 within 90 seconds is being processed...
\o INFO (ELI-00305) The result of registration is true. Time spent is 0 seconds.
\o INFO (ELI-00308) The connection has ended. Result is true. Total time spent is 0 seconds.
\w *WARNING* The directory: '/afs/ee.cooper.edu/user/d/david.yang/VLSI_tsmc65/ECE345_proj1' does not exist
\w 	but was defined in libFile '/afs/ee.cooper.edu/user/d/david.yang/VLSI_tsmc65/cds.lib' for Lib 'ECE345_proj1'.
\w *WARNING* The directory: '/afs/ee.cooper.edu/user/d/david.yang/VLSI_tsmc65/ECE345_Project_1' does not exist
\w 	but was defined in libFile '/afs/ee.cooper.edu/user/d/david.yang/VLSI_tsmc65/cds.lib' for Lib 'ECE345_Project_1'.
\# Memory report: using         345 MB, process size 1,749 MB at UTC 2022.04.27 18:27:05.240
\w *WARNING* The directory: '/afs/ee.cooper.edu/user/d/david.yang/VLSI_tsmc65/Test' does not exist
\w 	but was defined in libFile '/afs/ee.cooper.edu/user/d/david.yang/VLSI_tsmc65/cds.lib' for Lib 'Test'.
\o *Info*    Client has finished starting ... 
\o 
\o Loading vdsil.cxt 
\p > 
\a _treeSetOpcGUI(t)
\r t
\# Available memory:          9,551 MB at UTC 2022.04.27 18:27:07.914
\# Memory report: Maximum memory size now 9,901 MB at UTC 2022.04.27 18:27:07.914
\# Thread usage report: 9 active threads, active load 1.00 at UTC 2022.04.27 18:27:07.914
\o 
\o *Info*    Received signal SIGTERM.
\o 
\o 
\o Loading simui.cxt 
\# Memory report: on exit            354 MB, process size 1,835 MB at UTC 2022.04.27 18:30:41.669
\# Memory report: peak usage         354 MB, process size 1,835 MB
