*Info*    Exporting services from client ... 

*Info*    Client has finished starting ... 



*Info*    Configuring the session ...

	Library      = ECE345_Project_1
	Cell         = Two_stage_tb
	View         = schematic
	Simulator    = spectre
	State Path   = $AXL_SETUPDB_DIR/test_states
	State Name   = ECE345_Project_1:Two_stage_tb:1_none_Interactive.2
	Results DB   = /afs/ee.cooper.edu/user/d/david.yang/VLSI_tsmc65/ECE345_Project_1/Two_stage_tb/adexl/results/data/Interactive.2.rdb
	Results Dir  = /afs/ee.cooper.edu/user/d/david.yang/simulation/ECE345_Project_1/Two_stage_tb/adexl/results/data/Interactive.2/1/ECE345_Project_1:Two_stage_tb:1
	Results Loc  = /afs/ee.cooper.edu/user/d/david.yang/simulation/ECE345_Project_1/Two_stage_tb/adexl/results/data
	Project Dir  = /afs/ee.cooper.edu/user/d/david.yang/simulation
	Setup DB loc = /afs/ee.cooper.edu/user/d/david.yang/VLSI_tsmc65/ECE345_Project_1/Two_stage_tb/adexl
	File Encoding = 0



*Info*    The auto suspension is disabled.






*Info*    Run start for Point ID (2 1) on testbench [
          ECE345_Project_1:Two_stage_tb:1 ].

Resetting statistical vars

*Info*    Setting parameter values ...

Setting var Vcm = "500m"
Setting temp(T) = 27

*Info*    Netlist Directory =
          /afs/ee.cooper.edu/user/d/david.yang/simulation/ECE345_Project_1/Two_stage_tb/adexl/results/data/Interactive.2/1/ECE345_Project_1:Two_stage_tb:1/netlist


*Info*    Data Directory    =
          /afs/ee.cooper.edu/user/d/david.yang/simulation/ECE345_Project_1/Two_stage_tb/adexl/results/data/Interactive.2/1/ECE345_Project_1:Two_stage_tb:1


*Info*    Creating Netlist for Point ID (2 1)

generate netlist...
Begin Incremental Netlisting Apr 18 00:26:19 2022
End netlisting Apr 18 00:26:19 2022

	The netlist is up to date.
	Time taken to compare the design with netlist:   0.0s
      ...successful.
compose simulator input file...
      ...successful.

*Info*    Running simulation on testbench [
          ECE345_Project_1:Two_stage_tb:1 ] for Point ID (2 1).

Delete psf data in /afs/ee.cooper.edu/user/d/david.yang/simulation/ECE345_Project_1/Two_stage_tb/adexl/results/data/Interactive.2/1/ECE345_Project_1:Two_stage_tb:1/psf.
compose simulator input file...
      ...successful.
start simulator if needed...
      ...successful.
simulate...
To view the simulator output, right-click on the test name, result 
name, or any value in the "Results" tab of the Outputs section and 
choose "Output Log" menu option.
INFO (ADE-3071): Simulation completed successfully.
reading simulation data...
      ...successful.
*Info*    Client has finished evaluating ... 


*Info*    Run complete for Point ID (2 1) on testbench [
          ECE345_Project_1:Two_stage_tb:1 ].





Simulation design variables differ from those on the cellView,
they have been saved in the file "/tmp/saved-design-variables".
To save future changes, copy variables to cellView before exiting.
