\o Program:		@(#)$CDS: libManager version 6.1.8 - CAT37 10/27/2020 22:20 (sjfhw691) $
\o Sub version:		sub-version  s154 
\o Arguments:		-mpssession virtuoso43224 -mpshost conway 
\o Working Directory:	conway:/afs/ee.cooper.edu/user/d/david.yang/VLSI_tsmc65
\o 64-bit offsets
\o Qt version: 		5.9.1
\o Log file is "/afs/ee.cooper.edu/user/d/david.yang/VLSI_tsmc65/libManager.log".
\o Opening libManager window.
\a nrSetCurrentWindow(cdsLibManager)
\a nrResizeWindow(cdsLibManager list(55 31 703 596))
\o changeWorkingDir("/afs/ee.cooper.edu/user/d/david.yang/VLSI_tsmc65") unnecessary.
\o ddSetForcedLib("") unnecessary.
\o MPS service: map window
\o Library Manager customization server connected.
\w Warning: LIB S130 from File /afs/ee.cooper.edu/user/d/david.yang/VLSI_tsmc65/cds.lib Line 16 redefines
\w LIB S130 from File /afs/ee.cooper.edu/dist/skywater/S130_V2.1.305/V2.1.305/LIBS/cds.lib
\w Insert UNDEFINE S130
\w before DEFINE S130
\w     in /afs/ee.cooper.edu/user/d/david.yang/VLSI_tsmc65/cds.lib
\w Or remove or comment out DEFINE S130
\w     in /afs/ee.cooper.edu/dist/skywater/S130_V2.1.305/V2.1.305/LIBS/cds.lib
\w to suppress this warning message.
\w Warning: LIB scs130hd from File /afs/ee.cooper.edu/user/d/david.yang/VLSI_tsmc65/cds.lib Line 28 redefines
\w LIB scs130hd from File /afs/ee.cooper.edu/dist/skywater/S130_V2.1.305/V2.1.305/LIBS/cds.lib
\w Insert UNDEFINE scs130hd
\w before DEFINE scs130hd
\w     in /afs/ee.cooper.edu/user/d/david.yang/VLSI_tsmc65/cds.lib
\w Or remove or comment out DEFINE scs130hd
\w     in /afs/ee.cooper.edu/dist/skywater/S130_V2.1.305/V2.1.305/LIBS/cds.lib
\w to suppress this warning message.
\w Warning: LIB scs130hdll from File /afs/ee.cooper.edu/user/d/david.yang/VLSI_tsmc65/cds.lib Line 29 redefines
\w LIB scs130hdll from File /afs/ee.cooper.edu/dist/skywater/S130_V2.1.305/V2.1.305/LIBS/cds.lib
\w Insert UNDEFINE scs130hdll
\w before DEFINE scs130hdll
\w     in /afs/ee.cooper.edu/user/d/david.yang/VLSI_tsmc65/cds.lib
\w Or remove or comment out DEFINE scs130hdll
\w     in /afs/ee.cooper.edu/dist/skywater/S130_V2.1.305/V2.1.305/LIBS/cds.lib
\w to suppress this warning message.
\w Warning: LIB scs130hvl from File /afs/ee.cooper.edu/user/d/david.yang/VLSI_tsmc65/cds.lib Line 30 redefines
\w LIB scs130hvl from File /afs/ee.cooper.edu/dist/skywater/S130_V2.1.305/V2.1.305/LIBS/cds.lib
\w Insert UNDEFINE scs130hvl
\w before DEFINE scs130hvl
\w     in /afs/ee.cooper.edu/user/d/david.yang/VLSI_tsmc65/cds.lib
\w Or remove or comment out DEFINE scs130hvl
\w     in /afs/ee.cooper.edu/dist/skywater/S130_V2.1.305/V2.1.305/LIBS/cds.lib
\w to suppress this warning message.
\w Warning: LIB scs130lp from File /afs/ee.cooper.edu/user/d/david.yang/VLSI_tsmc65/cds.lib Line 31 redefines
\w LIB scs130lp from File /afs/ee.cooper.edu/dist/skywater/S130_V2.1.305/V2.1.305/LIBS/cds.lib
\w Insert UNDEFINE scs130lp
\w before DEFINE scs130lp
\w     in /afs/ee.cooper.edu/user/d/david.yang/VLSI_tsmc65/cds.lib
\w Or remove or comment out DEFINE scs130lp
\w     in /afs/ee.cooper.edu/dist/skywater/S130_V2.1.305/V2.1.305/LIBS/cds.lib
\w to suppress this warning message.
\w Warning: LIB scs130ls from File /afs/ee.cooper.edu/user/d/david.yang/VLSI_tsmc65/cds.lib Line 32 redefines
\w LIB scs130ls from File /afs/ee.cooper.edu/dist/skywater/S130_V2.1.305/V2.1.305/LIBS/cds.lib
\w Insert UNDEFINE scs130ls
\w before DEFINE scs130ls
\w     in /afs/ee.cooper.edu/user/d/david.yang/VLSI_tsmc65/cds.lib
\w Or remove or comment out DEFINE scs130ls
\w     in /afs/ee.cooper.edu/dist/skywater/S130_V2.1.305/V2.1.305/LIBS/cds.lib
\w to suppress this warning message.
\w Warning: LIB scs130ms from File /afs/ee.cooper.edu/user/d/david.yang/VLSI_tsmc65/cds.lib Line 33 redefines
\w LIB scs130ms from File /afs/ee.cooper.edu/dist/skywater/S130_V2.1.305/V2.1.305/LIBS/cds.lib
\w Insert UNDEFINE scs130ms
\w before DEFINE scs130ms
\w     in /afs/ee.cooper.edu/user/d/david.yang/VLSI_tsmc65/cds.lib
\w Or remove or comment out DEFINE scs130ms
\w     in /afs/ee.cooper.edu/dist/skywater/S130_V2.1.305/V2.1.305/LIBS/cds.lib
\w to suppress this warning message.
\w Warning: LIB s130iom0 from File /afs/ee.cooper.edu/user/d/david.yang/VLSI_tsmc65/cds.lib Line 40 redefines
\w LIB s130iom0 from File /afs/ee.cooper.edu/dist/skywater/S130_V2.1.305/V2.1.305/LIBS/cds.lib
\w Insert UNDEFINE s130iom0
\w before DEFINE s130iom0
\w     in /afs/ee.cooper.edu/user/d/david.yang/VLSI_tsmc65/cds.lib
\w Or remove or comment out DEFINE s130iom0
\w     in /afs/ee.cooper.edu/dist/skywater/S130_V2.1.305/V2.1.305/LIBS/cds.lib
\w to suppress this warning message.
\w Warning: LIB s130_esd from File /afs/ee.cooper.edu/user/d/david.yang/VLSI_tsmc65/cds.lib Line 41 redefines
\w LIB s130_esd from File /afs/ee.cooper.edu/dist/skywater/S130_V2.1.305/V2.1.305/LIBS/cds.lib
\w Insert UNDEFINE s130_esd
\w before DEFINE s130_esd
\w     in /afs/ee.cooper.edu/user/d/david.yang/VLSI_tsmc65/cds.lib
\w Or remove or comment out DEFINE s130_esd
\w     in /afs/ee.cooper.edu/dist/skywater/S130_V2.1.305/V2.1.305/LIBS/cds.lib
\w to suppress this warning message.
\a nrSetWindowVisibility(cdsLibManager "hide")
\a _lmgrCloseIconify("cdsLibManager" 1)
\o libManager is exiting.
\o libManager is exiting.
