Parameters:
	-runDir
	/afs/ee.cooper.edu/user/d/david.yang/VLSI_tsmc65/yangd_lvs
	-ossdir
	/afs/ee.cooper.edu/user/d/david.yang/VLSI_tsmc65/yangd_lvs/
	-cellmap
	/afs/ee.cooper.edu/user/d/david.yang/VLSI_tsmc65/yangd_lvs/lay_cellMap.txt
	-ppid
	8278
	-form
	-viewer
	virtuoso
	-schview
	schematic
	-tag
	unknown


Checking out SoftShare license Phys_Ver_Sys_Results_Mgr 20.1 Qty: 1 ... succeeded (1s).
starting pvsProbeServer: port= 41650
Starting probe server on port: 41650
Checking in SoftShare license Phys_Ver_Sys_Results_Mgr ... succeeded (1s).
