********************************************************************************
Product   : Virtuoso(R) XStream In
Program   : @(#)$CDS: strmin version 6.1.8-64b 11/10/2020 19:35 (cpgsrv13) $
          : sub-version  IC6.1.8-64b.500.15 
Started at: 07-May-2023  14:09:32
User Name : david.yang
Host Name : conway
Directory : /afs/ee.cooper.edu/user/d/david.yang/VLSI_tsmc65
CADENCE Design Systems, Inc.
********************************************************************************
Info: Cellview Rev Num:99,  Tech Rev Num:59

WARNING (XSTRM-75): Target library 'RX_Frontend' is attached to the technology library 'S130'. Therefore, the technology file is opened in read-only mode. All the undefined layer-purpose pairs will be dropped.
WARNING (XSTRM-107): Existing cells in the target library will be overwritten if the cell names in the Stream file and the target library are the same. To prevent this, set the '-writeMode' option to 'noOverwrite'.
INFO (XSTRM-217): Reading the layer map file, /afs/ee.cooper.edu/dist/skywater/S130_V2.1.305/V2.1.305/LIBS/S130/S130.layermap
INFO (XSTRM-163): You have not used the viaMap option. If a viaMap file, corresponding techfile or technology library exist, then use the -viaMap option for creating oaVia instances in the Streamed-In library. Using the -viaMap option improves performance and VM usage of applications using the Streamed-In design. For details on the viaMap option, refer to the "Design Data Translator's Reference" guide for XStream.

Summary of Options:
	library				RX_Frontend
	strmFile			/afs/ee.cooper.edu/user/d/david.yang/caravel_user_project_analog/caravel/gds/user_analog_project_wrapper_empty.gds
	logFile				strmIn.log
	view				layout
	case				Preserve
	layerMap			/afs/ee.cooper.edu/dist/skywater/S130_V2.1.305/V2.1.305/LIBS/S130/S130.layermap
	propSeparator			,
	attachTechFileOfLib				S130

INFO (XSTRM-220): 1. Translating STRUCTURE user_analog_project_wrapper as cellView RX_Frontend/user_analog_project_wrapper/layout.

Summary of Objects Translated:
	Instances:                              0
	CustomVias:                             0
	StandardVias:                           0
	CdsGenVias:                             0
	Arrays:                                 0
	Polygons:                               0
	Paths:                                  0
	PathSegs:                               0
	Rectangles:                             1382
	Text:                                   690
	Node:                                   0
	Line:                                   0
	Cells:                                  1

Elapsed Time: 0.2s   User Time: 0.1s   CPU Time: 0.0s   Peak VM: 5868KB  CPUs Used: 1
INFO (XSTRM-234): Translation completed. '0' error(s) and '2' warning(s) found.
