Starting Single Run, Sweeps and Corners...

Current time: Tue Apr 19 18:17:45 2022 
Best design point: 1
Design specs: 
	Operational_Amplifier:Two_stage_tb:1	corner	Nominal - 
	OP("/I0/M0" "region")		2	Yes
	OP("/I0/M1" "region")		2	Yes
	OP("/I0/M2" "region")		1	No
	OP("/I0/M3" "region")		2	Yes
	OP("/I0/M4" "region")		2	Yes
	OP("/I0/M5" "region")		2	Yes
	OP("/I0/M6" "region")		2	Yes
	OP("/I0/M7" "region")		2	Yes
	OP("/I0/M8" "region")		2	Yes
	OP("/I0/M9" "region")		2	Yes
	IDC("/VDD/MINUS")		1.054m	No
Design parameters: 
	VCM		500m
	Vb		1
	Vb1		500m
	Vcm		500m
	l1		150n
	W1		250n
	L2		140n
	W2		350n
	L1		110n
	L3		60n
	L4		60n
	L5		220n
	W3		300n
	W4		300n
	W5		200n
	Im		800u
	f1		2
	f2		2
	f3		2
	f4		2
	f5		2
	Cc		50f
	Rc		100M

Interactive.1
Number of points completed: 12
Number of simulation errors: 0
Interactive.1 completed. 
Current time: Tue Apr 19 18:18:34 2022 
